<!DOCTYPE html PUBLIC "-//W3C//DTD XHTML 1.1//EN" "http://www.w3.org/TR/xhtml11/DTD/xhtml11.dtd">
<html xmlns="http://www.w3.org/1999/xhtml"><head><title>TestNG Report</title><style type="text/css">table {margin-bottom:10px;border-collapse:collapse;empty-cells:show}th,td {border:1px solid #009;padding:.25em .5em}th {vertical-align:bottom}td {vertical-align:top}table a {font-weight:bold}.stripe td {background-color: #E6EBF9}.num {text-align:right}.passedodd td {background-color: #3F3}.passedeven td {background-color: #0A0}.skippedodd td {background-color: #DDD}.skippedeven td {background-color: #CCC}.failedodd td,.attn {background-color: #F33}.failedeven td,.stripe .attn {background-color: #D00}.stacktrace {white-space:pre;font-family:monospace}.totop {font-size:85%;text-align:center;border-bottom:2px solid #000}</style></head><body><table><tr><th>Test</th><th># Passed</th><th># Skipped</th><th># Failed</th><th>Time (ms)</th><th>Included Groups</th><th>Excluded Groups</th></tr><tr><th colspan="7">Suite</th></tr><tr><td><a href="#t0">Test script for project execution start time</a></td><td class="num">1</td><td class="num">0</td><td class="num">0</td><td class="num">180</td><td></td><td></td></tr><tr class="stripe"><td><a href="#t1">Sign Up Test script</a></td><td class="num">0</td><td class="num attn">1</td><td class="num">0</td><td class="num">61,362</td><td></td><td></td></tr><tr><td><a href="#t2">Login Test script</a></td><td class="num">0</td><td class="num attn">1</td><td class="num">0</td><td class="num">253</td><td></td><td></td></tr><tr class="stripe"><td><a href="#t3">Add New Photo Test script</a></td><td class="num">0</td><td class="num attn">1</td><td class="num">0</td><td class="num">46,539</td><td></td><td></td></tr><tr><td><a href="#t4">Test script for project execution end time</a></td><td class="num">1</td><td class="num">0</td><td class="num">0</td><td class="num">4</td><td></td><td></td></tr><tr><th>Total</th><th class="num">2</th><th class="num attn">3</th><th class="num">0</th><th class="num">108,338</th><th colspan="2"></th></tr></table><table><thead><tr><th>Class</th><th>Method</th><th>Start</th><th>Time (ms)</th></tr></thead><tbody><tr><th colspan="4">Suite</th></tr></tbody><tbody id="t0"><tr><th colspan="4">Test script for project execution start time &#8212; passed</th></tr><tr class="passedeven"><td rowspan="1">com.box.model.StartExecution</td><td><a href="#m0">startTime</a></td><td rowspan="1">1455205526487</td><td rowspan="1">156</td></tr></tbody><tbody id="t1"><tr><th colspan="4">Sign Up Test script &#8212; failed (configuration methods)</th></tr><tr class="failedeven"><td rowspan="1">com.box.tests.SignUp</td><td><a href="#m1">startUp</a></td><td rowspan="1">1455205526725</td><td rowspan="1">0</td></tr><tr><th colspan="4">Sign Up Test script &#8212; skipped (configuration methods)</th></tr><tr class="skippedeven"><td rowspan="3">com.box.tests.SignUp</td><td><a href="#m2">afterTest</a></td><td rowspan="1">1455205588086</td><td rowspan="1">0</td></tr><tr class="skippedeven"><td><a href="#m3">beforeTest</a></td><td rowspan="1">1455205588086</td><td rowspan="1">0</td></tr><tr class="skippedeven"><td><a href="#m4">tearDown</a></td><td rowspan="1">1455205588087</td><td rowspan="1">0</td></tr><tr><th colspan="4">Sign Up Test script &#8212; skipped</th></tr><tr class="skippedeven"><td rowspan="1">com.box.tests.SignUp</td><td><a href="#m5">registration</a></td><td rowspan="1">1455205588086</td><td rowspan="1">0</td></tr></tbody><tbody id="t2"><tr><th colspan="4">Login Test script &#8212; skipped (configuration methods)</th></tr><tr class="skippedeven"><td rowspan="4">com.box.tests.LoginLogout</td><td><a href="#m6">afterTest</a></td><td rowspan="1">1455205588395</td><td rowspan="1">0</td></tr><tr class="skippedeven"><td><a href="#m7">beforeTest</a></td><td rowspan="1">1455205588394</td><td rowspan="1">0</td></tr><tr class="skippedeven"><td><a href="#m8">startUp</a></td><td rowspan="1">1455205588143</td><td rowspan="1">0</td></tr><tr class="skippedeven"><td><a href="#m9">tearDown</a></td><td rowspan="1">1455205588395</td><td rowspan="1">0</td></tr><tr><th colspan="4">Login Test script &#8212; skipped</th></tr><tr class="skippedeven"><td rowspan="1">com.box.tests.LoginLogout</td><td><a href="#m10">loginTest</a></td><td rowspan="1">1455205588395</td><td rowspan="1">0</td></tr></tbody><tbody id="t3"><tr><th colspan="4">Add New Photo Test script &#8212; failed (configuration methods)</th></tr><tr class="failedeven"><td rowspan="1">com.box.tests.AddItems</td><td><a href="#m11">startUp</a></td><td rowspan="1">1455205588475</td><td rowspan="1">0</td></tr><tr><th colspan="4">Add New Photo Test script &#8212; skipped (configuration methods)</th></tr><tr class="skippedeven"><td rowspan="3">com.box.tests.AddItems</td><td><a href="#m12">afterTest</a></td><td rowspan="1">1455205635014</td><td rowspan="1">0</td></tr><tr class="skippedeven"><td><a href="#m13">beforeTest</a></td><td rowspan="1">1455205635013</td><td rowspan="1">0</td></tr><tr class="skippedeven"><td><a href="#m14">tearDown</a></td><td rowspan="1">1455205635014</td><td rowspan="1">0</td></tr><tr><th colspan="4">Add New Photo Test script &#8212; skipped</th></tr><tr class="skippedeven"><td rowspan="1">com.box.tests.AddItems</td><td><a href="#m15">addingItems</a></td><td rowspan="1">1455205635013</td><td rowspan="1">1</td></tr></tbody><tbody id="t4"><tr><th colspan="4">Test script for project execution end time &#8212; passed</th></tr><tr class="passedeven"><td rowspan="1">com.box.model.EndExecution</td><td><a href="#m16">endTime</a></td><td rowspan="1">1455205635050</td><td rowspan="1">2</td></tr></tbody></table><h2>Test script for project execution start time</h2><h3 id="m0">com.box.model.StartExecution#startTime</h3><table class="result"></table><p class="totop"><a href="#summary">back to summary</a></p><h2>Sign Up Test script</h2><h3 id="m1">com.box.tests.SignUp#startUp</h3><table class="result"><tr><th>Exception</th></tr><tr><td><div class="stacktrace">org.openqa.selenium.SessionNotCreatedException: A new session could not be created. (Original error: com.salesforce.chatter/.Chatter never started. Current: com.box.android/.activities.login.WelcomeTourActivity) (WARNING: The server did not provide any stacktrace information)
Command duration or timeout: 60.11 seconds
Build info: version: &apos;2.51.0&apos;, revision: &apos;1af067dbcaedd7d2ab9af5151fc471d363d97193&apos;, time: &apos;2016-02-05 11:20:57&apos;
System info: host: &apos;EMACBOOK-34&apos;, ip: &apos;172.16.21.30&apos;, os.name: &apos;Mac OS X&apos;, os.arch: &apos;x86_64&apos;, os.version: &apos;10.10.5&apos;, java.version: &apos;1.8.0_40&apos;
Driver info: io.appium.java_client.android.AndroidDriver
	at org.openqa.selenium.remote.ErrorHandler.createThrowable(ErrorHandler.java:206)
	at org.openqa.selenium.remote.ErrorHandler.throwIfResponseFailed(ErrorHandler.java:158)
	at org.openqa.selenium.remote.RemoteWebDriver.execute(RemoteWebDriver.java:678)
	at io.appium.java_client.DefaultGenericMobileDriver.execute(DefaultGenericMobileDriver.java:42)
	at io.appium.java_client.AppiumDriver.execute(AppiumDriver.java:1)
	at io.appium.java_client.android.AndroidDriver.execute(AndroidDriver.java:1)
	at org.openqa.selenium.remote.RemoteWebDriver.startSession(RemoteWebDriver.java:249)
	at org.openqa.selenium.remote.RemoteWebDriver.&lt;init&gt;(RemoteWebDriver.java:131)
	at org.openqa.selenium.remote.RemoteWebDriver.&lt;init&gt;(RemoteWebDriver.java:144)
	at io.appium.java_client.DefaultGenericMobileDriver.&lt;init&gt;(DefaultGenericMobileDriver.java:37)
	at io.appium.java_client.AppiumDriver.&lt;init&gt;(AppiumDriver.java:161)
	at io.appium.java_client.AppiumDriver.&lt;init&gt;(AppiumDriver.java:170)
	at io.appium.java_client.android.AndroidDriver.&lt;init&gt;(AndroidDriver.java:82)
	at com.box.model.ApplicationLibrary.launchAndroidApplication(ApplicationLibrary.java:79)
	at com.box.tests.SignUp.startUp(SignUp.java:60)
... Removed 31 stack frames</div></td></tr></table><p class="totop"><a href="#summary">back to summary</a></p><h3 id="m2">com.box.tests.SignUp#afterTest</h3><table class="result"></table><p class="totop"><a href="#summary">back to summary</a></p><h3 id="m3">com.box.tests.SignUp#beforeTest</h3><table class="result"></table><p class="totop"><a href="#summary">back to summary</a></p><h3 id="m4">com.box.tests.SignUp#tearDown</h3><table class="result"></table><p class="totop"><a href="#summary">back to summary</a></p><h3 id="m5">com.box.tests.SignUp#registration</h3><table class="result"></table><p class="totop"><a href="#summary">back to summary</a></p><h2>Login Test script</h2><h3 id="m6">com.box.tests.LoginLogout#afterTest</h3><table class="result"></table><p class="totop"><a href="#summary">back to summary</a></p><h3 id="m7">com.box.tests.LoginLogout#beforeTest</h3><table class="result"></table><p class="totop"><a href="#summary">back to summary</a></p><h3 id="m8">com.box.tests.LoginLogout#startUp</h3><table class="result"><tr><th>Exception</th></tr><tr><td><div class="stacktrace">org.testng.SkipException: LoginLogout execution is skipped
	at com.box.tests.LoginLogout.startUp(LoginLogout.java:61)
... Removed 27 stack frames</div></td></tr></table><p class="totop"><a href="#summary">back to summary</a></p><h3 id="m9">com.box.tests.LoginLogout#tearDown</h3><table class="result"></table><p class="totop"><a href="#summary">back to summary</a></p><h3 id="m10">com.box.tests.LoginLogout#loginTest</h3><table class="result"><tr class="param"><th>Parameter #1</th><th>Parameter #2</th></tr><tr class="param stripe"><td>kmvedeshkumar@gmail.com</td><td>iam@PRASAD05</td></tr></table><p class="totop"><a href="#summary">back to summary</a></p><h2>Add New Photo Test script</h2><h3 id="m11">com.box.tests.AddItems#startUp</h3><table class="result"><tr><th>Exception</th></tr><tr><td><div class="stacktrace">org.openqa.selenium.SessionNotCreatedException: A new session could not be created. (Original error: com.salesforce.chatter/.Chatter never started. Current: com.box.android/.activities.login.WelcomeTourActivity) (WARNING: The server did not provide any stacktrace information)
Command duration or timeout: 46.29 seconds
Build info: version: &apos;2.51.0&apos;, revision: &apos;1af067dbcaedd7d2ab9af5151fc471d363d97193&apos;, time: &apos;2016-02-05 11:20:57&apos;
System info: host: &apos;EMACBOOK-34&apos;, ip: &apos;172.16.21.30&apos;, os.name: &apos;Mac OS X&apos;, os.arch: &apos;x86_64&apos;, os.version: &apos;10.10.5&apos;, java.version: &apos;1.8.0_40&apos;
Driver info: io.appium.java_client.android.AndroidDriver
	at org.openqa.selenium.remote.ErrorHandler.createThrowable(ErrorHandler.java:206)
	at org.openqa.selenium.remote.ErrorHandler.throwIfResponseFailed(ErrorHandler.java:158)
	at org.openqa.selenium.remote.RemoteWebDriver.execute(RemoteWebDriver.java:678)
	at io.appium.java_client.DefaultGenericMobileDriver.execute(DefaultGenericMobileDriver.java:42)
	at io.appium.java_client.AppiumDriver.execute(AppiumDriver.java:1)
	at io.appium.java_client.android.AndroidDriver.execute(AndroidDriver.java:1)
	at org.openqa.selenium.remote.RemoteWebDriver.startSession(RemoteWebDriver.java:249)
	at org.openqa.selenium.remote.RemoteWebDriver.&lt;init&gt;(RemoteWebDriver.java:131)
	at org.openqa.selenium.remote.RemoteWebDriver.&lt;init&gt;(RemoteWebDriver.java:144)
	at io.appium.java_client.DefaultGenericMobileDriver.&lt;init&gt;(DefaultGenericMobileDriver.java:37)
	at io.appium.java_client.AppiumDriver.&lt;init&gt;(AppiumDriver.java:161)
	at io.appium.java_client.AppiumDriver.&lt;init&gt;(AppiumDriver.java:170)
	at io.appium.java_client.android.AndroidDriver.&lt;init&gt;(AndroidDriver.java:82)
	at com.box.model.ApplicationLibrary.launchAndroidApplication(ApplicationLibrary.java:79)
	at com.box.tests.AddItems.startUp(AddItems.java:56)
... Removed 31 stack frames</div></td></tr></table><p class="totop"><a href="#summary">back to summary</a></p><h3 id="m12">com.box.tests.AddItems#afterTest</h3><table class="result"></table><p class="totop"><a href="#summary">back to summary</a></p><h3 id="m13">com.box.tests.AddItems#beforeTest</h3><table class="result"></table><p class="totop"><a href="#summary">back to summary</a></p><h3 id="m14">com.box.tests.AddItems#tearDown</h3><table class="result"></table><p class="totop"><a href="#summary">back to summary</a></p><h3 id="m15">com.box.tests.AddItems#addingItems</h3><table class="result"><tr class="param"><th>Parameter #1</th><th>Parameter #2</th></tr><tr class="param stripe"><td>kmvedeshkumar@gmail.com</td><td>iam@PRASAD05</td></tr></table><p class="totop"><a href="#summary">back to summary</a></p><h2>Test script for project execution end time</h2><h3 id="m16">com.box.model.EndExecution#endTime</h3><table class="result"></table><p class="totop"><a href="#summary">back to summary</a></p></body></html>