<?xml version="1.0" encoding="UTF-8"?>
<testng-results skipped="3" failed="0" total="5" passed="2">
  <reporter-output>
  </reporter-output>
  <suite name="Suite" duration-ms="108585" started-at="2016-02-11T15:45:26Z" finished-at="2016-02-11T15:47:15Z">
    <groups>
    </groups>
    <test name="Test script for project execution start time" duration-ms="180" started-at="2016-02-11T15:45:26Z" finished-at="2016-02-11T15:45:26Z">
      <class name="com.box.model.StartExecution">
        <test-method status="PASS" signature="startTime()[pri:0, instance:com.box.model.StartExecution@617c74e5]" name="startTime" duration-ms="156" started-at="2016-02-11T21:15:26Z" finished-at="2016-02-11T21:15:26Z">
          <reporter-output>
          </reporter-output>
        </test-method> <!-- startTime -->
      </class> <!-- com.box.model.StartExecution -->
    </test> <!-- Test script for project execution start time -->
    <test name="Sign Up Test script" duration-ms="61362" started-at="2016-02-11T15:45:26Z" finished-at="2016-02-11T15:46:28Z">
      <class name="com.box.tests.SignUp">
        <test-method status="FAIL" signature="startUp()[pri:0, instance:com.box.tests.SignUp@1efbd816]" name="startUp" is-config="true" duration-ms="0" started-at="2016-02-11T21:15:26Z" finished-at="2016-02-11T21:15:26Z">
          <exception class="org.openqa.selenium.SessionNotCreatedException">
            <message>
              <![CDATA[A new session could not be created. (Original error: com.salesforce.chatter/.Chatter never started. Current: com.box.android/.activities.login.WelcomeTourActivity) (WARNING: The server did not provide any stacktrace information)
Command duration or timeout: 60.11 seconds
Build info: version: '2.51.0', revision: '1af067dbcaedd7d2ab9af5151fc471d363d97193', time: '2016-02-05 11:20:57'
System info: host: 'EMACBOOK-34', ip: '172.16.21.30', os.name: 'Mac OS X', os.arch: 'x86_64', os.version: '10.10.5', java.version: '1.8.0_40'
Driver info: io.appium.java_client.android.AndroidDriver]]>
            </message>
            <full-stacktrace>
              <![CDATA[org.openqa.selenium.SessionNotCreatedException: A new session could not be created. (Original error: com.salesforce.chatter/.Chatter never started. Current: com.box.android/.activities.login.WelcomeTourActivity) (WARNING: The server did not provide any stacktrace information)
Command duration or timeout: 60.11 seconds
Build info: version: '2.51.0', revision: '1af067dbcaedd7d2ab9af5151fc471d363d97193', time: '2016-02-05 11:20:57'
System info: host: 'EMACBOOK-34', ip: '172.16.21.30', os.name: 'Mac OS X', os.arch: 'x86_64', os.version: '10.10.5', java.version: '1.8.0_40'
Driver info: io.appium.java_client.android.AndroidDriver
	at sun.reflect.NativeConstructorAccessorImpl.newInstance0(Native Method)
	at sun.reflect.NativeConstructorAccessorImpl.newInstance(NativeConstructorAccessorImpl.java:62)
	at sun.reflect.DelegatingConstructorAccessorImpl.newInstance(DelegatingConstructorAccessorImpl.java:45)
	at java.lang.reflect.Constructor.newInstance(Constructor.java:422)
	at org.openqa.selenium.remote.ErrorHandler.createThrowable(ErrorHandler.java:206)
	at org.openqa.selenium.remote.ErrorHandler.throwIfResponseFailed(ErrorHandler.java:158)
	at org.openqa.selenium.remote.RemoteWebDriver.execute(RemoteWebDriver.java:678)
	at io.appium.java_client.DefaultGenericMobileDriver.execute(DefaultGenericMobileDriver.java:42)
	at io.appium.java_client.AppiumDriver.execute(AppiumDriver.java:1)
	at io.appium.java_client.android.AndroidDriver.execute(AndroidDriver.java:1)
	at org.openqa.selenium.remote.RemoteWebDriver.startSession(RemoteWebDriver.java:249)
	at org.openqa.selenium.remote.RemoteWebDriver.<init>(RemoteWebDriver.java:131)
	at org.openqa.selenium.remote.RemoteWebDriver.<init>(RemoteWebDriver.java:144)
	at io.appium.java_client.DefaultGenericMobileDriver.<init>(DefaultGenericMobileDriver.java:37)
	at io.appium.java_client.AppiumDriver.<init>(AppiumDriver.java:161)
	at io.appium.java_client.AppiumDriver.<init>(AppiumDriver.java:170)
	at io.appium.java_client.android.AndroidDriver.<init>(AndroidDriver.java:82)
	at com.box.model.ApplicationLibrary.launchAndroidApplication(ApplicationLibrary.java:79)
	at com.box.tests.SignUp.startUp(SignUp.java:60)
	at sun.reflect.NativeMethodAccessorImpl.invoke0(Native Method)
	at sun.reflect.NativeMethodAccessorImpl.invoke(NativeMethodAccessorImpl.java:62)
	at sun.reflect.DelegatingMethodAccessorImpl.invoke(DelegatingMethodAccessorImpl.java:43)
	at java.lang.reflect.Method.invoke(Method.java:497)
	at org.testng.internal.MethodInvocationHelper.invokeMethod(MethodInvocationHelper.java:86)
	at org.testng.internal.Invoker.invokeConfigurationMethod(Invoker.java:514)
	at org.testng.internal.Invoker.invokeConfigurations(Invoker.java:215)
	at org.testng.internal.Invoker.invokeConfigurations(Invoker.java:142)
	at org.testng.internal.TestMethodWorker.invokeBeforeClassMethods(TestMethodWorker.java:178)
	at org.testng.internal.TestMethodWorker.run(TestMethodWorker.java:108)
	at org.testng.TestRunner.privateRun(TestRunner.java:782)
	at org.testng.TestRunner.run(TestRunner.java:632)
	at org.testng.SuiteRunner.runTest(SuiteRunner.java:366)
	at org.testng.SuiteRunner.runSequentially(SuiteRunner.java:361)
	at org.testng.SuiteRunner.privateRun(SuiteRunner.java:319)
	at org.testng.SuiteRunner.run(SuiteRunner.java:268)
	at org.testng.SuiteRunnerWorker.runSuite(SuiteRunnerWorker.java:52)
	at org.testng.SuiteRunnerWorker.run(SuiteRunnerWorker.java:86)
	at org.testng.TestNG.runSuitesSequentially(TestNG.java:1244)
	at org.testng.TestNG.runSuitesLocally(TestNG.java:1169)
	at org.testng.TestNG.run(TestNG.java:1064)
	at org.apache.maven.surefire.testng.TestNGExecutor.run(TestNGExecutor.java:282)
	at org.apache.maven.surefire.testng.TestNGXmlTestSuite.execute(TestNGXmlTestSuite.java:83)
	at org.apache.maven.surefire.testng.TestNGProvider.invoke(TestNGProvider.java:114)
	at org.apache.maven.surefire.booter.ForkedBooter.invokeProviderInSameClassLoader(ForkedBooter.java:286)
	at org.apache.maven.surefire.booter.ForkedBooter.runSuitesInProcess(ForkedBooter.java:240)
	at org.apache.maven.surefire.booter.ForkedBooter.main(ForkedBooter.java:121)
]]>
            </full-stacktrace>
          </exception> <!-- org.openqa.selenium.SessionNotCreatedException -->
          <reporter-output>
          </reporter-output>
        </test-method> <!-- startUp -->
        <test-method status="SKIP" signature="afterTest()[pri:0, instance:com.box.tests.SignUp@1efbd816]" name="afterTest" is-config="true" duration-ms="0" started-at="2016-02-11T21:16:28Z" finished-at="2016-02-11T21:16:28Z">
          <reporter-output>
          </reporter-output>
        </test-method> <!-- afterTest -->
        <test-method status="SKIP" signature="beforeTest(java.lang.reflect.Method)[pri:0, instance:com.box.tests.SignUp@1efbd816]" name="beforeTest" is-config="true" duration-ms="0" started-at="2016-02-11T21:16:28Z" finished-at="2016-02-11T21:16:28Z">
          <reporter-output>
          </reporter-output>
        </test-method> <!-- beforeTest -->
        <test-method status="SKIP" signature="registration()[pri:0, instance:com.box.tests.SignUp@1efbd816]" name="registration" duration-ms="0" started-at="2016-02-11T21:16:28Z" finished-at="2016-02-11T21:16:28Z">
          <reporter-output>
          </reporter-output>
        </test-method> <!-- registration -->
        <test-method status="SKIP" signature="tearDown()[pri:0, instance:com.box.tests.SignUp@1efbd816]" name="tearDown" is-config="true" duration-ms="0" started-at="2016-02-11T21:16:28Z" finished-at="2016-02-11T21:16:28Z">
          <reporter-output>
          </reporter-output>
        </test-method> <!-- tearDown -->
      </class> <!-- com.box.tests.SignUp -->
    </test> <!-- Sign Up Test script -->
    <test name="Login Test script" duration-ms="253" started-at="2016-02-11T15:46:28Z" finished-at="2016-02-11T15:46:28Z">
      <class name="com.box.tests.LoginLogout">
        <test-method status="SKIP" signature="startUp()[pri:0, instance:com.box.tests.LoginLogout@6d8a00e3]" name="startUp" is-config="true" duration-ms="0" started-at="2016-02-11T21:16:28Z" finished-at="2016-02-11T21:16:28Z">
          <exception class="org.testng.SkipException">
            <message>
              <![CDATA[LoginLogout execution is skipped]]>
            </message>
            <full-stacktrace>
              <![CDATA[org.testng.SkipException: LoginLogout execution is skipped
	at com.box.tests.LoginLogout.startUp(LoginLogout.java:61)
	at sun.reflect.NativeMethodAccessorImpl.invoke0(Native Method)
	at sun.reflect.NativeMethodAccessorImpl.invoke(NativeMethodAccessorImpl.java:62)
	at sun.reflect.DelegatingMethodAccessorImpl.invoke(DelegatingMethodAccessorImpl.java:43)
	at java.lang.reflect.Method.invoke(Method.java:497)
	at org.testng.internal.MethodInvocationHelper.invokeMethod(MethodInvocationHelper.java:86)
	at org.testng.internal.Invoker.invokeConfigurationMethod(Invoker.java:514)
	at org.testng.internal.Invoker.invokeConfigurations(Invoker.java:215)
	at org.testng.internal.Invoker.invokeConfigurations(Invoker.java:142)
	at org.testng.internal.TestMethodWorker.invokeBeforeClassMethods(TestMethodWorker.java:178)
	at org.testng.internal.TestMethodWorker.run(TestMethodWorker.java:108)
	at org.testng.TestRunner.privateRun(TestRunner.java:782)
	at org.testng.TestRunner.run(TestRunner.java:632)
	at org.testng.SuiteRunner.runTest(SuiteRunner.java:366)
	at org.testng.SuiteRunner.runSequentially(SuiteRunner.java:361)
	at org.testng.SuiteRunner.privateRun(SuiteRunner.java:319)
	at org.testng.SuiteRunner.run(SuiteRunner.java:268)
	at org.testng.SuiteRunnerWorker.runSuite(SuiteRunnerWorker.java:52)
	at org.testng.SuiteRunnerWorker.run(SuiteRunnerWorker.java:86)
	at org.testng.TestNG.runSuitesSequentially(TestNG.java:1244)
	at org.testng.TestNG.runSuitesLocally(TestNG.java:1169)
	at org.testng.TestNG.run(TestNG.java:1064)
	at org.apache.maven.surefire.testng.TestNGExecutor.run(TestNGExecutor.java:282)
	at org.apache.maven.surefire.testng.TestNGXmlTestSuite.execute(TestNGXmlTestSuite.java:83)
	at org.apache.maven.surefire.testng.TestNGProvider.invoke(TestNGProvider.java:114)
	at org.apache.maven.surefire.booter.ForkedBooter.invokeProviderInSameClassLoader(ForkedBooter.java:286)
	at org.apache.maven.surefire.booter.ForkedBooter.runSuitesInProcess(ForkedBooter.java:240)
	at org.apache.maven.surefire.booter.ForkedBooter.main(ForkedBooter.java:121)
]]>
            </full-stacktrace>
          </exception> <!-- org.testng.SkipException -->
          <reporter-output>
          </reporter-output>
        </test-method> <!-- startUp -->
        <test-method status="SKIP" signature="beforeTest(java.lang.reflect.Method)[pri:0, instance:com.box.tests.LoginLogout@6d8a00e3]" name="beforeTest" is-config="true" duration-ms="0" started-at="2016-02-11T21:16:28Z" finished-at="2016-02-11T21:16:28Z">
          <reporter-output>
          </reporter-output>
        </test-method> <!-- beforeTest -->
        <test-method status="SKIP" signature="loginTest(java.lang.String, java.lang.String)[pri:0, instance:com.box.tests.LoginLogout@6d8a00e3]" name="loginTest" duration-ms="0" started-at="2016-02-11T21:16:28Z" data-provider="validLogin" finished-at="2016-02-11T21:16:28Z">
          <params>
            <param index="0">
              <value>
                <![CDATA[kmvedeshkumar@gmail.com]]>
              </value>
            </param>
            <param index="1">
              <value>
                <![CDATA[iam@PRASAD05]]>
              </value>
            </param>
          </params>
          <reporter-output>
          </reporter-output>
        </test-method> <!-- loginTest -->
        <test-method status="SKIP" signature="afterTest()[pri:0, instance:com.box.tests.LoginLogout@6d8a00e3]" name="afterTest" is-config="true" duration-ms="0" started-at="2016-02-11T21:16:28Z" finished-at="2016-02-11T21:16:28Z">
          <reporter-output>
          </reporter-output>
        </test-method> <!-- afterTest -->
        <test-method status="SKIP" signature="tearDown()[pri:0, instance:com.box.tests.LoginLogout@6d8a00e3]" name="tearDown" is-config="true" duration-ms="0" started-at="2016-02-11T21:16:28Z" finished-at="2016-02-11T21:16:28Z">
          <reporter-output>
          </reporter-output>
        </test-method> <!-- tearDown -->
      </class> <!-- com.box.tests.LoginLogout -->
    </test> <!-- Login Test script -->
    <test name="Add New Photo Test script" duration-ms="46539" started-at="2016-02-11T15:46:28Z" finished-at="2016-02-11T15:47:15Z">
      <class name="com.box.tests.AddItems">
        <test-method status="FAIL" signature="startUp()[pri:0, instance:com.box.tests.AddItems@32d992b2]" name="startUp" is-config="true" duration-ms="0" started-at="2016-02-11T21:16:28Z" finished-at="2016-02-11T21:16:28Z">
          <exception class="org.openqa.selenium.SessionNotCreatedException">
            <message>
              <![CDATA[A new session could not be created. (Original error: com.salesforce.chatter/.Chatter never started. Current: com.box.android/.activities.login.WelcomeTourActivity) (WARNING: The server did not provide any stacktrace information)
Command duration or timeout: 46.29 seconds
Build info: version: '2.51.0', revision: '1af067dbcaedd7d2ab9af5151fc471d363d97193', time: '2016-02-05 11:20:57'
System info: host: 'EMACBOOK-34', ip: '172.16.21.30', os.name: 'Mac OS X', os.arch: 'x86_64', os.version: '10.10.5', java.version: '1.8.0_40'
Driver info: io.appium.java_client.android.AndroidDriver]]>
            </message>
            <full-stacktrace>
              <![CDATA[org.openqa.selenium.SessionNotCreatedException: A new session could not be created. (Original error: com.salesforce.chatter/.Chatter never started. Current: com.box.android/.activities.login.WelcomeTourActivity) (WARNING: The server did not provide any stacktrace information)
Command duration or timeout: 46.29 seconds
Build info: version: '2.51.0', revision: '1af067dbcaedd7d2ab9af5151fc471d363d97193', time: '2016-02-05 11:20:57'
System info: host: 'EMACBOOK-34', ip: '172.16.21.30', os.name: 'Mac OS X', os.arch: 'x86_64', os.version: '10.10.5', java.version: '1.8.0_40'
Driver info: io.appium.java_client.android.AndroidDriver
	at sun.reflect.NativeConstructorAccessorImpl.newInstance0(Native Method)
	at sun.reflect.NativeConstructorAccessorImpl.newInstance(NativeConstructorAccessorImpl.java:62)
	at sun.reflect.DelegatingConstructorAccessorImpl.newInstance(DelegatingConstructorAccessorImpl.java:45)
	at java.lang.reflect.Constructor.newInstance(Constructor.java:422)
	at org.openqa.selenium.remote.ErrorHandler.createThrowable(ErrorHandler.java:206)
	at org.openqa.selenium.remote.ErrorHandler.throwIfResponseFailed(ErrorHandler.java:158)
	at org.openqa.selenium.remote.RemoteWebDriver.execute(RemoteWebDriver.java:678)
	at io.appium.java_client.DefaultGenericMobileDriver.execute(DefaultGenericMobileDriver.java:42)
	at io.appium.java_client.AppiumDriver.execute(AppiumDriver.java:1)
	at io.appium.java_client.android.AndroidDriver.execute(AndroidDriver.java:1)
	at org.openqa.selenium.remote.RemoteWebDriver.startSession(RemoteWebDriver.java:249)
	at org.openqa.selenium.remote.RemoteWebDriver.<init>(RemoteWebDriver.java:131)
	at org.openqa.selenium.remote.RemoteWebDriver.<init>(RemoteWebDriver.java:144)
	at io.appium.java_client.DefaultGenericMobileDriver.<init>(DefaultGenericMobileDriver.java:37)
	at io.appium.java_client.AppiumDriver.<init>(AppiumDriver.java:161)
	at io.appium.java_client.AppiumDriver.<init>(AppiumDriver.java:170)
	at io.appium.java_client.android.AndroidDriver.<init>(AndroidDriver.java:82)
	at com.box.model.ApplicationLibrary.launchAndroidApplication(ApplicationLibrary.java:79)
	at com.box.tests.AddItems.startUp(AddItems.java:56)
	at sun.reflect.NativeMethodAccessorImpl.invoke0(Native Method)
	at sun.reflect.NativeMethodAccessorImpl.invoke(NativeMethodAccessorImpl.java:62)
	at sun.reflect.DelegatingMethodAccessorImpl.invoke(DelegatingMethodAccessorImpl.java:43)
	at java.lang.reflect.Method.invoke(Method.java:497)
	at org.testng.internal.MethodInvocationHelper.invokeMethod(MethodInvocationHelper.java:86)
	at org.testng.internal.Invoker.invokeConfigurationMethod(Invoker.java:514)
	at org.testng.internal.Invoker.invokeConfigurations(Invoker.java:215)
	at org.testng.internal.Invoker.invokeConfigurations(Invoker.java:142)
	at org.testng.internal.TestMethodWorker.invokeBeforeClassMethods(TestMethodWorker.java:178)
	at org.testng.internal.TestMethodWorker.run(TestMethodWorker.java:108)
	at org.testng.TestRunner.privateRun(TestRunner.java:782)
	at org.testng.TestRunner.run(TestRunner.java:632)
	at org.testng.SuiteRunner.runTest(SuiteRunner.java:366)
	at org.testng.SuiteRunner.runSequentially(SuiteRunner.java:361)
	at org.testng.SuiteRunner.privateRun(SuiteRunner.java:319)
	at org.testng.SuiteRunner.run(SuiteRunner.java:268)
	at org.testng.SuiteRunnerWorker.runSuite(SuiteRunnerWorker.java:52)
	at org.testng.SuiteRunnerWorker.run(SuiteRunnerWorker.java:86)
	at org.testng.TestNG.runSuitesSequentially(TestNG.java:1244)
	at org.testng.TestNG.runSuitesLocally(TestNG.java:1169)
	at org.testng.TestNG.run(TestNG.java:1064)
	at org.apache.maven.surefire.testng.TestNGExecutor.run(TestNGExecutor.java:282)
	at org.apache.maven.surefire.testng.TestNGXmlTestSuite.execute(TestNGXmlTestSuite.java:83)
	at org.apache.maven.surefire.testng.TestNGProvider.invoke(TestNGProvider.java:114)
	at org.apache.maven.surefire.booter.ForkedBooter.invokeProviderInSameClassLoader(ForkedBooter.java:286)
	at org.apache.maven.surefire.booter.ForkedBooter.runSuitesInProcess(ForkedBooter.java:240)
	at org.apache.maven.surefire.booter.ForkedBooter.main(ForkedBooter.java:121)
]]>
            </full-stacktrace>
          </exception> <!-- org.openqa.selenium.SessionNotCreatedException -->
          <reporter-output>
          </reporter-output>
        </test-method> <!-- startUp -->
        <test-method status="SKIP" signature="addingItems(java.lang.String, java.lang.String)[pri:0, instance:com.box.tests.AddItems@32d992b2]" name="addingItems" duration-ms="1" started-at="2016-02-11T21:17:15Z" data-provider="validLogin" finished-at="2016-02-11T21:17:15Z">
          <params>
            <param index="0">
              <value>
                <![CDATA[kmvedeshkumar@gmail.com]]>
              </value>
            </param>
            <param index="1">
              <value>
                <![CDATA[iam@PRASAD05]]>
              </value>
            </param>
          </params>
          <reporter-output>
          </reporter-output>
        </test-method> <!-- addingItems -->
        <test-method status="SKIP" signature="beforeTest(java.lang.reflect.Method)[pri:0, instance:com.box.tests.AddItems@32d992b2]" name="beforeTest" is-config="true" duration-ms="0" started-at="2016-02-11T21:17:15Z" finished-at="2016-02-11T21:17:15Z">
          <reporter-output>
          </reporter-output>
        </test-method> <!-- beforeTest -->
        <test-method status="SKIP" signature="tearDown()[pri:0, instance:com.box.tests.AddItems@32d992b2]" name="tearDown" is-config="true" duration-ms="0" started-at="2016-02-11T21:17:15Z" finished-at="2016-02-11T21:17:15Z">
          <reporter-output>
          </reporter-output>
        </test-method> <!-- tearDown -->
        <test-method status="SKIP" signature="afterTest()[pri:0, instance:com.box.tests.AddItems@32d992b2]" name="afterTest" is-config="true" duration-ms="0" started-at="2016-02-11T21:17:15Z" finished-at="2016-02-11T21:17:15Z">
          <reporter-output>
          </reporter-output>
        </test-method> <!-- afterTest -->
      </class> <!-- com.box.tests.AddItems -->
    </test> <!-- Add New Photo Test script -->
    <test name="Test script for project execution end time" duration-ms="4" started-at="2016-02-11T15:47:15Z" finished-at="2016-02-11T15:47:15Z">
      <class name="com.box.model.EndExecution">
        <test-method status="PASS" signature="endTime()[pri:0, instance:com.box.model.EndExecution@6cc4c815]" name="endTime" duration-ms="2" started-at="2016-02-11T21:17:15Z" finished-at="2016-02-11T21:17:15Z">
          <reporter-output>
          </reporter-output>
        </test-method> <!-- endTime -->
      </class> <!-- com.box.model.EndExecution -->
    </test> <!-- Test script for project execution end time -->
  </suite> <!-- Suite -->
</testng-results>
